<?xml version="1.0" encoding="UTF-8"?>
<testsuite xmlns:xsi="http://www.w3.org/2001/XMLSchema-instance" xsi:noNamespaceSchemaLocation="https://maven.apache.org/surefire/maven-surefire-plugin/xsd/surefire-test-report.xsd" name="cn.heikaqiu.booktt.BookttApplicationTests" time="14.724" tests="8" errors="0" skipped="0" failures="0">
  <properties>
    <property name="sun.desktop" value="windows"/>
    <property name="awt.toolkit" value="sun.awt.windows.WToolkit"/>
    <property name="file.encoding.pkg" value="sun.io"/>
    <property name="java.specification.version" value="1.8"/>
    <property name="sun.cpu.isalist" value="amd64"/>
    <property name="sun.jnu.encoding" value="GBK"/>
    <property name="java.class.path" value="F:\IDEAProject\booktt\target\test-classes;F:\IDEAProject\booktt\target\classes;F:\jar\org\springframework\boot\spring-boot-starter-jdbc\2.2.4.RELEASE\spring-boot-starter-jdbc-2.2.4.RELEASE.jar;F:\jar\org\springframework\boot\spring-boot-starter\2.2.4.RELEASE\spring-boot-starter-2.2.4.RELEASE.jar;F:\jar\org\springframework\boot\spring-boot-starter-logging\2.2.4.RELEASE\spring-boot-starter-logging-2.2.4.RELEASE.jar;F:\jar\ch\qos\logback\logback-classic\1.2.3\logback-classic-1.2.3.jar;F:\jar\ch\qos\logback\logback-core\1.2.3\logback-core-1.2.3.jar;F:\jar\org\apache\logging\log4j\log4j-to-slf4j\2.12.1\log4j-to-slf4j-2.12.1.jar;F:\jar\org\apache\logging\log4j\log4j-api\2.12.1\log4j-api-2.12.1.jar;F:\jar\org\slf4j\jul-to-slf4j\1.7.30\jul-to-slf4j-1.7.30.jar;F:\jar\jakarta\annotation\jakarta.annotation-api\1.3.5\jakarta.annotation-api-1.3.5.jar;F:\jar\org\yaml\snakeyaml\1.25\snakeyaml-1.25.jar;F:\jar\com\zaxxer\HikariCP\3.4.2\HikariCP-3.4.2.jar;F:\jar\org\slf4j\slf4j-api\1.7.30\slf4j-api-1.7.30.jar;F:\jar\org\springframework\spring-jdbc\5.2.3.RELEASE\spring-jdbc-5.2.3.RELEASE.jar;F:\jar\org\springframework\spring-beans\5.2.3.RELEASE\spring-beans-5.2.3.RELEASE.jar;F:\jar\org\springframework\spring-tx\5.2.3.RELEASE\spring-tx-5.2.3.RELEASE.jar;F:\jar\org\springframework\boot\spring-boot-starter-thymeleaf\2.2.4.RELEASE\spring-boot-starter-thymeleaf-2.2.4.RELEASE.jar;F:\jar\org\thymeleaf\thymeleaf-spring5\3.0.11.RELEASE\thymeleaf-spring5-3.0.11.RELEASE.jar;F:\jar\org\thymeleaf\thymeleaf\3.0.11.RELEASE\thymeleaf-3.0.11.RELEASE.jar;F:\jar\org\attoparser\attoparser\2.0.5.RELEASE\attoparser-2.0.5.RELEASE.jar;F:\jar\org\unbescape\unbescape\1.1.6.RELEASE\unbescape-1.1.6.RELEASE.jar;F:\jar\org\thymeleaf\extras\thymeleaf-extras-java8time\3.0.4.RELEASE\thymeleaf-extras-java8time-3.0.4.RELEASE.jar;F:\jar\org\springframework\boot\spring-boot-starter-web\2.2.4.RELEASE\spring-boot-starter-web-2.2.4.RELEASE.jar;F:\jar\org\springframework\boot\spring-boot-starter-json\2.2.4.RELEASE\spring-boot-starter-json-2.2.4.RELEASE.jar;F:\jar\com\fasterxml\jackson\datatype\jackson-datatype-jdk8\2.10.2\jackson-datatype-jdk8-2.10.2.jar;F:\jar\com\fasterxml\jackson\datatype\jackson-datatype-jsr310\2.10.2\jackson-datatype-jsr310-2.10.2.jar;F:\jar\com\fasterxml\jackson\module\jackson-module-parameter-names\2.10.2\jackson-module-parameter-names-2.10.2.jar;F:\jar\org\springframework\boot\spring-boot-starter-tomcat\2.2.4.RELEASE\spring-boot-starter-tomcat-2.2.4.RELEASE.jar;F:\jar\org\apache\tomcat\embed\tomcat-embed-core\9.0.30\tomcat-embed-core-9.0.30.jar;F:\jar\org\apache\tomcat\embed\tomcat-embed-el\9.0.30\tomcat-embed-el-9.0.30.jar;F:\jar\org\apache\tomcat\embed\tomcat-embed-websocket\9.0.30\tomcat-embed-websocket-9.0.30.jar;F:\jar\org\springframework\boot\spring-boot-starter-validation\2.2.4.RELEASE\spring-boot-starter-validation-2.2.4.RELEASE.jar;F:\jar\jakarta\validation\jakarta.validation-api\2.0.2\jakarta.validation-api-2.0.2.jar;F:\jar\org\hibernate\validator\hibernate-validator\6.0.18.Final\hibernate-validator-6.0.18.Final.jar;F:\jar\org\jboss\logging\jboss-logging\3.4.1.Final\jboss-logging-3.4.1.Final.jar;F:\jar\com\fasterxml\classmate\1.5.1\classmate-1.5.1.jar;F:\jar\org\springframework\spring-web\5.2.3.RELEASE\spring-web-5.2.3.RELEASE.jar;F:\jar\org\springframework\spring-webmvc\5.2.3.RELEASE\spring-webmvc-5.2.3.RELEASE.jar;F:\jar\org\springframework\spring-context\5.2.3.RELEASE\spring-context-5.2.3.RELEASE.jar;F:\jar\org\springframework\spring-expression\5.2.3.RELEASE\spring-expression-5.2.3.RELEASE.jar;F:\jar\org\springframework\boot\spring-boot-starter-aop\2.2.4.RELEASE\spring-boot-starter-aop-2.2.4.RELEASE.jar;F:\jar\org\springframework\spring-aop\5.2.3.RELEASE\spring-aop-5.2.3.RELEASE.jar;F:\jar\org\aspectj\aspectjweaver\1.9.5\aspectjweaver-1.9.5.jar;F:\jar\org\mybatis\spring\boot\mybatis-spring-boot-starter\2.1.1\mybatis-spring-boot-starter-2.1.1.jar;F:\jar\org\mybatis\spring\boot\mybatis-spring-boot-autoconfigure\2.1.1\mybatis-spring-boot-autoconfigure-2.1.1.jar;F:\jar\org\mybatis\mybatis\3.5.3\mybatis-3.5.3.jar;F:\jar\org\mybatis\mybatis-spring\2.0.3\mybatis-spring-2.0.3.jar;F:\jar\mysql\mysql-connector-java\8.0.19\mysql-connector-java-8.0.19.jar;F:\jar\com\alibaba\druid\1.1.8\druid-1.1.8.jar;F:\jar\org\springframework\boot\spring-boot-starter-test\2.2.4.RELEASE\spring-boot-starter-test-2.2.4.RELEASE.jar;F:\jar\org\springframework\boot\spring-boot-test\2.2.4.RELEASE\spring-boot-test-2.2.4.RELEASE.jar;F:\jar\org\springframework\boot\spring-boot-test-autoconfigure\2.2.4.RELEASE\spring-boot-test-autoconfigure-2.2.4.RELEASE.jar;F:\jar\com\jayway\jsonpath\json-path\2.4.0\json-path-2.4.0.jar;F:\jar\net\minidev\json-smart\2.3\json-smart-2.3.jar;F:\jar\net\minidev\accessors-smart\1.2\accessors-smart-1.2.jar;F:\jar\org\ow2\asm\asm\5.0.4\asm-5.0.4.jar;F:\jar\jakarta\xml\bind\jakarta.xml.bind-api\2.3.2\jakarta.xml.bind-api-2.3.2.jar;F:\jar\jakarta\activation\jakarta.activation-api\1.2.1\jakarta.activation-api-1.2.1.jar;F:\jar\org\junit\jupiter\junit-jupiter\5.5.2\junit-jupiter-5.5.2.jar;F:\jar\org\junit\jupiter\junit-jupiter-api\5.5.2\junit-jupiter-api-5.5.2.jar;F:\jar\org\apiguardian\apiguardian-api\1.1.0\apiguardian-api-1.1.0.jar;F:\jar\org\opentest4j\opentest4j\1.2.0\opentest4j-1.2.0.jar;F:\jar\org\junit\platform\junit-platform-commons\1.5.2\junit-platform-commons-1.5.2.jar;F:\jar\org\junit\jupiter\junit-jupiter-params\5.5.2\junit-jupiter-params-5.5.2.jar;F:\jar\org\junit\jupiter\junit-jupiter-engine\5.5.2\junit-jupiter-engine-5.5.2.jar;F:\jar\org\junit\platform\junit-platform-engine\1.5.2\junit-platform-engine-1.5.2.jar;F:\jar\org\mockito\mockito-junit-jupiter\3.1.0\mockito-junit-jupiter-3.1.0.jar;F:\jar\org\assertj\assertj-core\3.13.2\assertj-core-3.13.2.jar;F:\jar\org\hamcrest\hamcrest\2.1\hamcrest-2.1.jar;F:\jar\org\mockito\mockito-core\3.1.0\mockito-core-3.1.0.jar;F:\jar\net\bytebuddy\byte-buddy\1.10.6\byte-buddy-1.10.6.jar;F:\jar\net\bytebuddy\byte-buddy-agent\1.10.6\byte-buddy-agent-1.10.6.jar;F:\jar\org\objenesis\objenesis\2.6\objenesis-2.6.jar;F:\jar\org\skyscreamer\jsonassert\1.5.0\jsonassert-1.5.0.jar;F:\jar\com\vaadin\external\google\android-json\0.0.20131108.vaadin1\android-json-0.0.20131108.vaadin1.jar;F:\jar\org\springframework\spring-core\5.2.3.RELEASE\spring-core-5.2.3.RELEASE.jar;F:\jar\org\springframework\spring-jcl\5.2.3.RELEASE\spring-jcl-5.2.3.RELEASE.jar;F:\jar\org\springframework\spring-test\5.2.3.RELEASE\spring-test-5.2.3.RELEASE.jar;F:\jar\org\xmlunit\xmlunit-core\2.6.3\xmlunit-core-2.6.3.jar;F:\jar\org\springframework\boot\spring-boot-devtools\2.2.4.RELEASE\spring-boot-devtools-2.2.4.RELEASE.jar;F:\jar\org\springframework\boot\spring-boot\2.2.4.RELEASE\spring-boot-2.2.4.RELEASE.jar;F:\jar\org\springframework\boot\spring-boot-autoconfigure\2.2.4.RELEASE\spring-boot-autoconfigure-2.2.4.RELEASE.jar;F:\jar\com\fasterxml\jackson\core\jackson-databind\2.10.2\jackson-databind-2.10.2.jar;F:\jar\com\fasterxml\jackson\core\jackson-annotations\2.10.2\jackson-annotations-2.10.2.jar;F:\jar\com\fasterxml\jackson\core\jackson-core\2.10.2\jackson-core-2.10.2.jar;F:\jar\com\alibaba\fastjson\1.2.51\fastjson-1.2.51.jar;F:\jar\com\google\code\gson\gson\2.8.5\gson-2.8.5.jar;F:\jar\com\alipay\sdk\alipay-sdk-java\3.1.0\alipay-sdk-java-3.1.0.jar;F:\jar\commons-logging\commons-logging\1.1.1\commons-logging-1.1.1.jar;F:\jar\com\google\zxing\core\3.2.1\core-3.2.1.jar;F:\jar\com\google\zxing\javase\3.2.1\javase-3.2.1.jar;F:\jar\com\beust\jcommander\1.48\jcommander-1.48.jar;F:\jar\com\github\wxpay\wxpay-sdk\0.0.3\wxpay-sdk-0.0.3.jar;F:\jar\org\apache\httpcomponents\httpclient\4.5.2\httpclient-4.5.2.jar;F:\jar\org\apache\httpcomponents\httpcore\4.4.13\httpcore-4.4.13.jar;F:\jar\commons-codec\commons-codec\1.13\commons-codec-1.13.jar;F:\jar\com\aliyun\aliyun-java-sdk-core\4.1.0\aliyun-java-sdk-core-4.1.0.jar;F:\jar\javax\xml\bind\jaxb-api\2.3.1\jaxb-api-2.3.1.jar;F:\jar\javax\activation\javax.activation-api\1.2.0\javax.activation-api-1.2.0.jar;F:\jar\com\sun\xml\bind\jaxb-core\2.1.14\jaxb-core-2.1.14.jar;F:\jar\com\sun\xml\bind\jaxb-impl\2.1\jaxb-impl-2.1.jar;F:\jar\javax\activation\activation\1.1.1\activation-1.1.1.jar;F:\jar\com\aliyun\aliyun-java-sdk-dysmsapi\1.1.0\aliyun-java-sdk-dysmsapi-1.1.0.jar;"/>
    <property name="java.vm.vendor" value="Oracle Corporation"/>
    <property name="sun.arch.data.model" value="64"/>
    <property name="user.variant" value=""/>
    <property name="java.vendor.url" value="http://java.oracle.com/"/>
    <property name="user.timezone" value="Asia/Shanghai"/>
    <property name="java.vm.specification.version" value="1.8"/>
    <property name="os.name" value="Windows 10"/>
    <property name="user.country" value="CN"/>
    <property name="sun.java.launcher" value="SUN_STANDARD"/>
    <property name="sun.boot.library.path" value="C:\Program Files\Java\jdk1.8.0_211\jre\bin"/>
    <property name="sun.java.command" value="C:\Users\ADMINI~1\AppData\Local\Temp\surefire2178466198339461221\surefirebooter3015877062447077561.jar C:\Users\Administrator\AppData\Local\Temp\surefire2178466198339461221 2020-03-02T13-01-14_618-jvmRun1 surefire3051291339622767710tmp surefire_08695429942094702346tmp"/>
    <property name="surefire.test.class.path" value="F:\IDEAProject\booktt\target\test-classes;F:\IDEAProject\booktt\target\classes;F:\jar\org\springframework\boot\spring-boot-starter-jdbc\2.2.4.RELEASE\spring-boot-starter-jdbc-2.2.4.RELEASE.jar;F:\jar\org\springframework\boot\spring-boot-starter\2.2.4.RELEASE\spring-boot-starter-2.2.4.RELEASE.jar;F:\jar\org\springframework\boot\spring-boot-starter-logging\2.2.4.RELEASE\spring-boot-starter-logging-2.2.4.RELEASE.jar;F:\jar\ch\qos\logback\logback-classic\1.2.3\logback-classic-1.2.3.jar;F:\jar\ch\qos\logback\logback-core\1.2.3\logback-core-1.2.3.jar;F:\jar\org\apache\logging\log4j\log4j-to-slf4j\2.12.1\log4j-to-slf4j-2.12.1.jar;F:\jar\org\apache\logging\log4j\log4j-api\2.12.1\log4j-api-2.12.1.jar;F:\jar\org\slf4j\jul-to-slf4j\1.7.30\jul-to-slf4j-1.7.30.jar;F:\jar\jakarta\annotation\jakarta.annotation-api\1.3.5\jakarta.annotation-api-1.3.5.jar;F:\jar\org\yaml\snakeyaml\1.25\snakeyaml-1.25.jar;F:\jar\com\zaxxer\HikariCP\3.4.2\HikariCP-3.4.2.jar;F:\jar\org\slf4j\slf4j-api\1.7.30\slf4j-api-1.7.30.jar;F:\jar\org\springframework\spring-jdbc\5.2.3.RELEASE\spring-jdbc-5.2.3.RELEASE.jar;F:\jar\org\springframework\spring-beans\5.2.3.RELEASE\spring-beans-5.2.3.RELEASE.jar;F:\jar\org\springframework\spring-tx\5.2.3.RELEASE\spring-tx-5.2.3.RELEASE.jar;F:\jar\org\springframework\boot\spring-boot-starter-thymeleaf\2.2.4.RELEASE\spring-boot-starter-thymeleaf-2.2.4.RELEASE.jar;F:\jar\org\thymeleaf\thymeleaf-spring5\3.0.11.RELEASE\thymeleaf-spring5-3.0.11.RELEASE.jar;F:\jar\org\thymeleaf\thymeleaf\3.0.11.RELEASE\thymeleaf-3.0.11.RELEASE.jar;F:\jar\org\attoparser\attoparser\2.0.5.RELEASE\attoparser-2.0.5.RELEASE.jar;F:\jar\org\unbescape\unbescape\1.1.6.RELEASE\unbescape-1.1.6.RELEASE.jar;F:\jar\org\thymeleaf\extras\thymeleaf-extras-java8time\3.0.4.RELEASE\thymeleaf-extras-java8time-3.0.4.RELEASE.jar;F:\jar\org\springframework\boot\spring-boot-starter-web\2.2.4.RELEASE\spring-boot-starter-web-2.2.4.RELEASE.jar;F:\jar\org\springframework\boot\spring-boot-starter-json\2.2.4.RELEASE\spring-boot-starter-json-2.2.4.RELEASE.jar;F:\jar\com\fasterxml\jackson\datatype\jackson-datatype-jdk8\2.10.2\jackson-datatype-jdk8-2.10.2.jar;F:\jar\com\fasterxml\jackson\datatype\jackson-datatype-jsr310\2.10.2\jackson-datatype-jsr310-2.10.2.jar;F:\jar\com\fasterxml\jackson\module\jackson-module-parameter-names\2.10.2\jackson-module-parameter-names-2.10.2.jar;F:\jar\org\springframework\boot\spring-boot-starter-tomcat\2.2.4.RELEASE\spring-boot-starter-tomcat-2.2.4.RELEASE.jar;F:\jar\org\apache\tomcat\embed\tomcat-embed-core\9.0.30\tomcat-embed-core-9.0.30.jar;F:\jar\org\apache\tomcat\embed\tomcat-embed-el\9.0.30\tomcat-embed-el-9.0.30.jar;F:\jar\org\apache\tomcat\embed\tomcat-embed-websocket\9.0.30\tomcat-embed-websocket-9.0.30.jar;F:\jar\org\springframework\boot\spring-boot-starter-validation\2.2.4.RELEASE\spring-boot-starter-validation-2.2.4.RELEASE.jar;F:\jar\jakarta\validation\jakarta.validation-api\2.0.2\jakarta.validation-api-2.0.2.jar;F:\jar\org\hibernate\validator\hibernate-validator\6.0.18.Final\hibernate-validator-6.0.18.Final.jar;F:\jar\org\jboss\logging\jboss-logging\3.4.1.Final\jboss-logging-3.4.1.Final.jar;F:\jar\com\fasterxml\classmate\1.5.1\classmate-1.5.1.jar;F:\jar\org\springframework\spring-web\5.2.3.RELEASE\spring-web-5.2.3.RELEASE.jar;F:\jar\org\springframework\spring-webmvc\5.2.3.RELEASE\spring-webmvc-5.2.3.RELEASE.jar;F:\jar\org\springframework\spring-context\5.2.3.RELEASE\spring-context-5.2.3.RELEASE.jar;F:\jar\org\springframework\spring-expression\5.2.3.RELEASE\spring-expression-5.2.3.RELEASE.jar;F:\jar\org\springframework\boot\spring-boot-starter-aop\2.2.4.RELEASE\spring-boot-starter-aop-2.2.4.RELEASE.jar;F:\jar\org\springframework\spring-aop\5.2.3.RELEASE\spring-aop-5.2.3.RELEASE.jar;F:\jar\org\aspectj\aspectjweaver\1.9.5\aspectjweaver-1.9.5.jar;F:\jar\org\mybatis\spring\boot\mybatis-spring-boot-starter\2.1.1\mybatis-spring-boot-starter-2.1.1.jar;F:\jar\org\mybatis\spring\boot\mybatis-spring-boot-autoconfigure\2.1.1\mybatis-spring-boot-autoconfigure-2.1.1.jar;F:\jar\org\mybatis\mybatis\3.5.3\mybatis-3.5.3.jar;F:\jar\org\mybatis\mybatis-spring\2.0.3\mybatis-spring-2.0.3.jar;F:\jar\mysql\mysql-connector-java\8.0.19\mysql-connector-java-8.0.19.jar;F:\jar\com\alibaba\druid\1.1.8\druid-1.1.8.jar;F:\jar\org\springframework\boot\spring-boot-starter-test\2.2.4.RELEASE\spring-boot-starter-test-2.2.4.RELEASE.jar;F:\jar\org\springframework\boot\spring-boot-test\2.2.4.RELEASE\spring-boot-test-2.2.4.RELEASE.jar;F:\jar\org\springframework\boot\spring-boot-test-autoconfigure\2.2.4.RELEASE\spring-boot-test-autoconfigure-2.2.4.RELEASE.jar;F:\jar\com\jayway\jsonpath\json-path\2.4.0\json-path-2.4.0.jar;F:\jar\net\minidev\json-smart\2.3\json-smart-2.3.jar;F:\jar\net\minidev\accessors-smart\1.2\accessors-smart-1.2.jar;F:\jar\org\ow2\asm\asm\5.0.4\asm-5.0.4.jar;F:\jar\jakarta\xml\bind\jakarta.xml.bind-api\2.3.2\jakarta.xml.bind-api-2.3.2.jar;F:\jar\jakarta\activation\jakarta.activation-api\1.2.1\jakarta.activation-api-1.2.1.jar;F:\jar\org\junit\jupiter\junit-jupiter\5.5.2\junit-jupiter-5.5.2.jar;F:\jar\org\junit\jupiter\junit-jupiter-api\5.5.2\junit-jupiter-api-5.5.2.jar;F:\jar\org\apiguardian\apiguardian-api\1.1.0\apiguardian-api-1.1.0.jar;F:\jar\org\opentest4j\opentest4j\1.2.0\opentest4j-1.2.0.jar;F:\jar\org\junit\platform\junit-platform-commons\1.5.2\junit-platform-commons-1.5.2.jar;F:\jar\org\junit\jupiter\junit-jupiter-params\5.5.2\junit-jupiter-params-5.5.2.jar;F:\jar\org\junit\jupiter\junit-jupiter-engine\5.5.2\junit-jupiter-engine-5.5.2.jar;F:\jar\org\junit\platform\junit-platform-engine\1.5.2\junit-platform-engine-1.5.2.jar;F:\jar\org\mockito\mockito-junit-jupiter\3.1.0\mockito-junit-jupiter-3.1.0.jar;F:\jar\org\assertj\assertj-core\3.13.2\assertj-core-3.13.2.jar;F:\jar\org\hamcrest\hamcrest\2.1\hamcrest-2.1.jar;F:\jar\org\mockito\mockito-core\3.1.0\mockito-core-3.1.0.jar;F:\jar\net\bytebuddy\byte-buddy\1.10.6\byte-buddy-1.10.6.jar;F:\jar\net\bytebuddy\byte-buddy-agent\1.10.6\byte-buddy-agent-1.10.6.jar;F:\jar\org\objenesis\objenesis\2.6\objenesis-2.6.jar;F:\jar\org\skyscreamer\jsonassert\1.5.0\jsonassert-1.5.0.jar;F:\jar\com\vaadin\external\google\android-json\0.0.20131108.vaadin1\android-json-0.0.20131108.vaadin1.jar;F:\jar\org\springframework\spring-core\5.2.3.RELEASE\spring-core-5.2.3.RELEASE.jar;F:\jar\org\springframework\spring-jcl\5.2.3.RELEASE\spring-jcl-5.2.3.RELEASE.jar;F:\jar\org\springframework\spring-test\5.2.3.RELEASE\spring-test-5.2.3.RELEASE.jar;F:\jar\org\xmlunit\xmlunit-core\2.6.3\xmlunit-core-2.6.3.jar;F:\jar\org\springframework\boot\spring-boot-devtools\2.2.4.RELEASE\spring-boot-devtools-2.2.4.RELEASE.jar;F:\jar\org\springframework\boot\spring-boot\2.2.4.RELEASE\spring-boot-2.2.4.RELEASE.jar;F:\jar\org\springframework\boot\spring-boot-autoconfigure\2.2.4.RELEASE\spring-boot-autoconfigure-2.2.4.RELEASE.jar;F:\jar\com\fasterxml\jackson\core\jackson-databind\2.10.2\jackson-databind-2.10.2.jar;F:\jar\com\fasterxml\jackson\core\jackson-annotations\2.10.2\jackson-annotations-2.10.2.jar;F:\jar\com\fasterxml\jackson\core\jackson-core\2.10.2\jackson-core-2.10.2.jar;F:\jar\com\alibaba\fastjson\1.2.51\fastjson-1.2.51.jar;F:\jar\com\google\code\gson\gson\2.8.5\gson-2.8.5.jar;F:\jar\com\alipay\sdk\alipay-sdk-java\3.1.0\alipay-sdk-java-3.1.0.jar;F:\jar\commons-logging\commons-logging\1.1.1\commons-logging-1.1.1.jar;F:\jar\com\google\zxing\core\3.2.1\core-3.2.1.jar;F:\jar\com\google\zxing\javase\3.2.1\javase-3.2.1.jar;F:\jar\com\beust\jcommander\1.48\jcommander-1.48.jar;F:\jar\com\github\wxpay\wxpay-sdk\0.0.3\wxpay-sdk-0.0.3.jar;F:\jar\org\apache\httpcomponents\httpclient\4.5.2\httpclient-4.5.2.jar;F:\jar\org\apache\httpcomponents\httpcore\4.4.13\httpcore-4.4.13.jar;F:\jar\commons-codec\commons-codec\1.13\commons-codec-1.13.jar;F:\jar\com\aliyun\aliyun-java-sdk-core\4.1.0\aliyun-java-sdk-core-4.1.0.jar;F:\jar\javax\xml\bind\jaxb-api\2.3.1\jaxb-api-2.3.1.jar;F:\jar\javax\activation\javax.activation-api\1.2.0\javax.activation-api-1.2.0.jar;F:\jar\com\sun\xml\bind\jaxb-core\2.1.14\jaxb-core-2.1.14.jar;F:\jar\com\sun\xml\bind\jaxb-impl\2.1\jaxb-impl-2.1.jar;F:\jar\javax\activation\activation\1.1.1\activation-1.1.1.jar;F:\jar\com\aliyun\aliyun-java-sdk-dysmsapi\1.1.0\aliyun-java-sdk-dysmsapi-1.1.0.jar;"/>
    <property name="sun.cpu.endian" value="little"/>
    <property name="user.home" value="C:\Users\Administrator"/>
    <property name="user.language" value="zh"/>
    <property name="java.specification.vendor" value="Oracle Corporation"/>
    <property name="java.home" value="C:\Program Files\Java\jdk1.8.0_211\jre"/>
    <property name="basedir" value="F:\IDEAProject\booktt"/>
    <property name="file.separator" value="\"/>
    <property name="line.separator" value="&#10;"/>
    <property name="java.vm.specification.vendor" value="Oracle Corporation"/>
    <property name="java.specification.name" value="Java Platform API Specification"/>
    <property name="java.awt.graphicsenv" value="sun.awt.Win32GraphicsEnvironment"/>
    <property name="surefire.real.class.path" value="C:\Users\ADMINI~1\AppData\Local\Temp\surefire2178466198339461221\surefirebooter3015877062447077561.jar"/>
    <property name="sun.boot.class.path" value="C:\Program Files\Java\jdk1.8.0_211\jre\lib\resources.jar;C:\Program Files\Java\jdk1.8.0_211\jre\lib\rt.jar;C:\Program Files\Java\jdk1.8.0_211\jre\lib\sunrsasign.jar;C:\Program Files\Java\jdk1.8.0_211\jre\lib\jsse.jar;C:\Program Files\Java\jdk1.8.0_211\jre\lib\jce.jar;C:\Program Files\Java\jdk1.8.0_211\jre\lib\charsets.jar;C:\Program Files\Java\jdk1.8.0_211\jre\lib\jfr.jar;C:\Program Files\Java\jdk1.8.0_211\jre\classes"/>
    <property name="user.script" value=""/>
    <property name="sun.management.compiler" value="HotSpot 64-Bit Tiered Compilers"/>
    <property name="java.runtime.version" value="1.8.0_211-b12"/>
    <property name="user.name" value="Administrator"/>
    <property name="path.separator" value=";"/>
    <property name="os.version" value="10.0"/>
    <property name="java.endorsed.dirs" value="C:\Program Files\Java\jdk1.8.0_211\jre\lib\endorsed"/>
    <property name="java.runtime.name" value="Java(TM) SE Runtime Environment"/>
    <property name="file.encoding" value="GBK"/>
    <property name="java.vm.name" value="Java HotSpot(TM) 64-Bit Server VM"/>
    <property name="localRepository" value="F:\jar"/>
    <property name="java.vendor.url.bug" value="http://bugreport.sun.com/bugreport/"/>
    <property name="java.io.tmpdir" value="C:\Users\ADMINI~1\AppData\Local\Temp\"/>
    <property name="java.version" value="1.8.0_211"/>
    <property name="user.dir" value="F:\IDEAProject\booktt"/>
    <property name="os.arch" value="amd64"/>
    <property name="java.vm.specification.name" value="Java Virtual Machine Specification"/>
    <property name="java.awt.printerjob" value="sun.awt.windows.WPrinterJob"/>
    <property name="idea.version2019.3.1" value="true"/>
    <property name="sun.os.patch.level" value=""/>
    <property name="java.library.path" value="C:\Program Files\Java\jdk1.8.0_211\jre\bin;C:\WINDOWS\Sun\Java\bin;C:\WINDOWS\system32;C:\WINDOWS;D:\Program Files (x86)\NetSarang\Xshell6\;C:\WINDOWS\system32;C:\WINDOWS;C:\WINDOWS\System32\Wbem;C:\WINDOWS\System32\WindowsPowerShell\v1.0\;C:\Program Files\Java\jdk1.8.0_211\bin;C:\Program Files\Java\jdk1.8.0_211\jre\bin;F:\jar\apache-maven-3.5.4\bin;F:\gradle-4.10.1\bin;F:\Apache Software Foundation\Tomcat 9.0\bin;F:\Apache Software Foundation\Tomcat 9.0\lib;C:\Program Files\MySQL\MySQL Utilities 1.6\;C:\Program Files\MySQL\MySQL Server 5.7\bin;;C:\WINDOWS\System32\OpenSSH\;C:\Users\Administrator\AppData\Local\Microsoft\WindowsApps;;."/>
    <property name="java.vm.info" value="mixed mode"/>
    <property name="java.vendor" value="Oracle Corporation"/>
    <property name="java.vm.version" value="25.211-b12"/>
    <property name="java.ext.dirs" value="C:\Program Files\Java\jdk1.8.0_211\jre\lib\ext;C:\WINDOWS\Sun\Java\lib\ext"/>
    <property name="sun.io.unicode.encoding" value="UnicodeLittle"/>
    <property name="maven.repo.local" value="F:\jar"/>
    <property name="java.class.version" value="52.0"/>
  </properties>
  <testcase name="testHttpClientUtils" classname="cn.heikaqiu.booktt.BookttApplicationTests" time="1.242"/>
  <testcase name="textGetTime" classname="cn.heikaqiu.booktt.BookttApplicationTests" time="0.01"/>
  <testcase name="contextLoads1" classname="cn.heikaqiu.booktt.BookttApplicationTests" time="2.271"/>
  <testcase name="contextLoads2" classname="cn.heikaqiu.booktt.BookttApplicationTests" time="0.273"/>
  <testcase name="contextLoads" classname="cn.heikaqiu.booktt.BookttApplicationTests" time="0.026"/>
  <testcase name="testgenerateQRCode" classname="cn.heikaqiu.booktt.BookttApplicationTests" time="0.155"/>
  <testcase name="testnationality" classname="cn.heikaqiu.booktt.BookttApplicationTests" time="0.197"/>
  <testcase name="generateQRCode" classname="cn.heikaqiu.booktt.BookttApplicationTests" time="0.018"/>
</testsuite>